2019-10-26T08:18:11+00:00 CRITICAL Uncaught Error: Using $this when not in object context in E:\XamppServer\htdocs\2019\10\neowireless\nwcontent\plugins\woocommerce\includes\class-wc-cart.php:611
Stack trace:
#0 E:\XamppServer\htdocs\2019\10\neowireless\nwcontent\themes\neo-wireless-html\inc\woo-functions.php(235): WC_Cart::get_cart()
#1 E:\XamppServer\htdocs\2019\10\neowireless\nwcontent\themes\neo-wireless-html\woocommerce\checkout\form-checkout.php(43): get_woocommerce_custom_cart()
#2 E:\XamppServer\htdocs\2019\10\neowireless\nwcontent\plugins\woocommerce\includes\wc-core-functions.php(249): include('E:\\XamppServer\\...')
#3 E:\XamppServer\htdocs\2019\10\neowireless\nwcontent\plugins\woocommerce\includes\shortcodes\class-wc-shortcode-checkout.php(285): wc_get_template('checkout/form-c...', Array)
#4 E:\XamppServer\htdocs\2019\10\neowireless\nwcontent\plugins\woocommerce\includes\shortcodes\class-wc-shortcode-checkout.php(67): WC_Shortcode_Checkout::checkout()
#5 E:\XamppServer\htdocs\2019\10\neowireless\nwcontent\plugins\woocommerce\inclu in E:\XamppServer\htdocs\2019\10\neowireless\nwcontent\plugins\woocommerce\includes\class-wc-cart.php on line 611

2019-10-26T09:13:55+00:00 CRITICAL syntax error, unexpected '}', expecting ',' or ';' in E:\XamppServer\htdocs\2019\10\neowireless\nwcontent\themes\neo-wireless-html\inc\woo-functions.php on line 240

2019-10-26T09:45:17+00:00 CRITICAL syntax error, unexpected 'foreach' (T_FOREACH), expecting ',' or ';' in E:\XamppServer\htdocs\2019\10\neowireless\nwcontent\themes\neo-wireless-html\inc\woo-functions.php on line 236

2019-10-26T12:16:37+00:00 CRITICAL syntax error, unexpected 'case' (T_CASE) in E:\XamppServer\htdocs\2019\10\neowireless\nwcontent\themes\neo-wireless-html\inc\woo-functions.php on line 476

2019-10-26T18:08:29+00:00 CRITICAL syntax error, unexpected '}', expecting end of file in E:\XamppServer\htdocs\2019\10\neowireless\nwcontent\themes\neo-wireless-html\front-page.php on line 119

2019-10-26T19:23:30+00:00 CRITICAL Uncaught Error: Call to undefined function get_field() in F:\xampp\htdocs\2019\neo-wireless-wp\nwcontent\themes\neo-wireless-html\header.php:104
Stack trace:
#0 F:\xampp\htdocs\2019\neo-wireless-wp\wp-includes\template.php(722): require_once()
#1 F:\xampp\htdocs\2019\neo-wireless-wp\wp-includes\template.php(671): load_template('F:\\xampp\\htdocs...', true)
#2 F:\xampp\htdocs\2019\neo-wireless-wp\wp-includes\general-template.php(41): locate_template(Array, true)
#3 F:\xampp\htdocs\2019\neo-wireless-wp\nwcontent\themes\neo-wireless-html\woocommerce\archive-product.php(20): get_header('shop')
#4 F:\xampp\htdocs\2019\neo-wireless-wp\wp-includes\template-loader.php(78): include('F:\\xampp\\htdocs...')
#5 F:\xampp\htdocs\2019\neo-wireless-wp\wp-blog-header.php(19): require_once('F:\\xampp\\htdocs...')
#6 F:\xampp\htdocs\2019\neo-wireless-wp\index.php(17): require('F:\\xampp\\htdocs...')
#7 {main}
  thrown in F:\xampp\htdocs\2019\neo-wireless-wp\nwcontent\themes\neo-wireless-html\header.php on line 104

2019-10-26T19:25:54+00:00 CRITICAL Uncaught Error: Call to undefined function get_field() in F:\xampp\htdocs\2019\neo-wireless-wp\nwcontent\themes\neo-wireless-html\header.php:104
Stack trace:
#0 F:\xampp\htdocs\2019\neo-wireless-wp\wp-includes\template.php(722): require_once()
#1 F:\xampp\htdocs\2019\neo-wireless-wp\wp-includes\template.php(671): load_template('F:\\xampp\\htdocs...', true)
#2 F:\xampp\htdocs\2019\neo-wireless-wp\wp-includes\general-template.php(41): locate_template(Array, true)
#3 F:\xampp\htdocs\2019\neo-wireless-wp\nwcontent\themes\neo-wireless-html\front-page.php(2): get_header()
#4 F:\xampp\htdocs\2019\neo-wireless-wp\wp-includes\template-loader.php(78): include('F:\\xampp\\htdocs...')
#5 F:\xampp\htdocs\2019\neo-wireless-wp\wp-blog-header.php(19): require_once('F:\\xampp\\htdocs...')
#6 F:\xampp\htdocs\2019\neo-wireless-wp\index.php(17): require('F:\\xampp\\htdocs...')
#7 {main}
  thrown in F:\xampp\htdocs\2019\neo-wireless-wp\nwcontent\themes\neo-wireless-html\header.php on line 104

